  RFIDCommandCenter.cpp
     Creating library C:\Users\David Jones\Documents\GitHub\Senior-Design-2\Debug\RFIDCommandCenter.lib and object C:\Users\David Jones\Documents\GitHub\Senior-Design-2\Debug\RFIDCommandCenter.exp
MERCURYAPI.LIB(hex_bytes.obj) : warning LNK4099: PDB 'MercuryAPI.pdb' was not found with 'MERCURYAPI.LIB(hex_bytes.obj)' or at 'C:\Users\David Jones\Documents\GitHub\Senior-Design-2\Debug\MercuryAPI.pdb'; linking object as if no debug info
MERCURYAPI.LIB(llrp_reader.obj) : warning LNK4099: PDB 'MercuryAPI.pdb' was not found with 'MERCURYAPI.LIB(llrp_reader.obj)' or at 'C:\Users\David Jones\Documents\GitHub\Senior-Design-2\Debug\MercuryAPI.pdb'; linking object as if no debug info
MERCURYAPI.LIB(llrp_reader_l3.obj) : warning LNK4099: PDB 'MercuryAPI.pdb' was not found with 'MERCURYAPI.LIB(llrp_reader_l3.obj)' or at 'C:\Users\David Jones\Documents\GitHub\Senior-Design-2\Debug\MercuryAPI.pdb'; linking object as if no debug info
MERCURYAPI.LIB(osdep_win32.obj) : warning LNK4099: PDB 'MercuryAPI.pdb' was not found with 'MERCURYAPI.LIB(osdep_win32.obj)' or at 'C:\Users\David Jones\Documents\GitHub\Senior-Design-2\Debug\MercuryAPI.pdb'; linking object as if no debug info
MERCURYAPI.LIB(serial_reader.obj) : warning LNK4099: PDB 'MercuryAPI.pdb' was not found with 'MERCURYAPI.LIB(serial_reader.obj)' or at 'C:\Users\David Jones\Documents\GitHub\Senior-Design-2\Debug\MercuryAPI.pdb'; linking object as if no debug info
MERCURYAPI.LIB(serial_reader_l3.obj) : warning LNK4099: PDB 'MercuryAPI.pdb' was not found with 'MERCURYAPI.LIB(serial_reader_l3.obj)' or at 'C:\Users\David Jones\Documents\GitHub\Senior-Design-2\Debug\MercuryAPI.pdb'; linking object as if no debug info
MERCURYAPI.LIB(serial_transport_win32.obj) : warning LNK4099: PDB 'MercuryAPI.pdb' was not found with 'MERCURYAPI.LIB(serial_transport_win32.obj)' or at 'C:\Users\David Jones\Documents\GitHub\Senior-Design-2\Debug\MercuryAPI.pdb'; linking object as if no debug info
MERCURYAPI.LIB(tmr_utils.obj) : warning LNK4099: PDB 'MercuryAPI.pdb' was not found with 'MERCURYAPI.LIB(tmr_utils.obj)' or at 'C:\Users\David Jones\Documents\GitHub\Senior-Design-2\Debug\MercuryAPI.pdb'; linking object as if no debug info
MERCURYAPI.LIB(tm_reader.obj) : warning LNK4099: PDB 'MercuryAPI.pdb' was not found with 'MERCURYAPI.LIB(tm_reader.obj)' or at 'C:\Users\David Jones\Documents\GitHub\Senior-Design-2\Debug\MercuryAPI.pdb'; linking object as if no debug info
MERCURYAPI.LIB(tm_reader_async.obj) : warning LNK4099: PDB 'MercuryAPI.pdb' was not found with 'MERCURYAPI.LIB(tm_reader_async.obj)' or at 'C:\Users\David Jones\Documents\GitHub\Senior-Design-2\Debug\MercuryAPI.pdb'; linking object as if no debug info
MERCURYAPI.LIB(tm_ltkc_genout.obj) : warning LNK4099: PDB 'libltkcllrporg.pdb' was not found with 'MERCURYAPI.LIB(tm_ltkc_genout.obj)' or at 'C:\Users\David Jones\Documents\GitHub\Senior-Design-2\Debug\libltkcllrporg.pdb'; linking object as if no debug info
MERCURYAPI.LIB(ltkc_xmltextencode.obj) : warning LNK4099: PDB 'libltkc.pdb' was not found with 'MERCURYAPI.LIB(ltkc_xmltextencode.obj)' or at 'C:\Users\David Jones\Documents\GitHub\Senior-Design-2\Debug\libltkc.pdb'; linking object as if no debug info
MERCURYAPI.LIB(ltkc_typeregistry.obj) : warning LNK4099: PDB 'libltkc.pdb' was not found with 'MERCURYAPI.LIB(ltkc_typeregistry.obj)' or at 'C:\Users\David Jones\Documents\GitHub\Senior-Design-2\Debug\libltkc.pdb'; linking object as if no debug info
MERCURYAPI.LIB(ltkc_hdrfd.obj) : warning LNK4099: PDB 'libltkc.pdb' was not found with 'MERCURYAPI.LIB(ltkc_hdrfd.obj)' or at 'C:\Users\David Jones\Documents\GitHub\Senior-Design-2\Debug\libltkc.pdb'; linking object as if no debug info
MERCURYAPI.LIB(ltkc_genout.obj) : warning LNK4099: PDB 'libltkc.pdb' was not found with 'MERCURYAPI.LIB(ltkc_genout.obj)' or at 'C:\Users\David Jones\Documents\GitHub\Senior-Design-2\Debug\libltkc.pdb'; linking object as if no debug info
MERCURYAPI.LIB(ltkc_frameextract.obj) : warning LNK4099: PDB 'libltkc.pdb' was not found with 'MERCURYAPI.LIB(ltkc_frameextract.obj)' or at 'C:\Users\David Jones\Documents\GitHub\Senior-Design-2\Debug\libltkc.pdb'; linking object as if no debug info
MERCURYAPI.LIB(ltkc_frameencode.obj) : warning LNK4099: PDB 'libltkc.pdb' was not found with 'MERCURYAPI.LIB(ltkc_frameencode.obj)' or at 'C:\Users\David Jones\Documents\GitHub\Senior-Design-2\Debug\libltkc.pdb'; linking object as if no debug info
MERCURYAPI.LIB(ltkc_framedecode.obj) : warning LNK4099: PDB 'libltkc.pdb' was not found with 'MERCURYAPI.LIB(ltkc_framedecode.obj)' or at 'C:\Users\David Jones\Documents\GitHub\Senior-Design-2\Debug\libltkc.pdb'; linking object as if no debug info
MERCURYAPI.LIB(ltkc_error.obj) : warning LNK4099: PDB 'libltkc.pdb' was not found with 'MERCURYAPI.LIB(ltkc_error.obj)' or at 'C:\Users\David Jones\Documents\GitHub\Senior-Design-2\Debug\libltkc.pdb'; linking object as if no debug info
MERCURYAPI.LIB(ltkc_encdec.obj) : warning LNK4099: PDB 'libltkc.pdb' was not found with 'MERCURYAPI.LIB(ltkc_encdec.obj)' or at 'C:\Users\David Jones\Documents\GitHub\Senior-Design-2\Debug\libltkc.pdb'; linking object as if no debug info
MERCURYAPI.LIB(ltkc_element.obj) : warning LNK4099: PDB 'libltkc.pdb' was not found with 'MERCURYAPI.LIB(ltkc_element.obj)' or at 'C:\Users\David Jones\Documents\GitHub\Senior-Design-2\Debug\libltkc.pdb'; linking object as if no debug info
MERCURYAPI.LIB(ltkc_connection.obj) : warning LNK4099: PDB 'libltkc.pdb' was not found with 'MERCURYAPI.LIB(ltkc_connection.obj)' or at 'C:\Users\David Jones\Documents\GitHub\Senior-Design-2\Debug\libltkc.pdb'; linking object as if no debug info
MERCURYAPI.LIB(ltkc_array.obj) : warning LNK4099: PDB 'libltkc.pdb' was not found with 'MERCURYAPI.LIB(ltkc_array.obj)' or at 'C:\Users\David Jones\Documents\GitHub\Senior-Design-2\Debug\libltkc.pdb'; linking object as if no debug info
  RFIDCommandCenter.vcxproj -> C:\Users\David Jones\Documents\GitHub\Senior-Design-2\Debug\RFIDCommandCenter.exe
