  pch.cpp
  RFIDCommandCenter.cpp
c:\users\mrdav\source\repos\rfidcommandcenter\mercury api global lib\ltkc_base.h(80): error C3646: 'nValue': unknown override specifier
c:\users\mrdav\source\repos\rfidcommandcenter\mercury api global lib\ltkc_base.h(80): error C4430: missing type specifier - int assumed. Note: C++ does not support default-int
c:\users\mrdav\source\repos\rfidcommandcenter\mercury api global lib\ltkc_base.h(81): error C2143: syntax error: missing ';' before '*'
c:\users\mrdav\source\repos\rfidcommandcenter\mercury api global lib\ltkc_base.h(81): error C4430: missing type specifier - int assumed. Note: C++ does not support default-int
c:\users\mrdav\source\repos\rfidcommandcenter\mercury api global lib\ltkc_base.h(81): error C2238: unexpected token(s) preceding ';'
c:\users\mrdav\source\repos\rfidcommandcenter\mercury api global lib\ltkc_base.h(84): error C2065: 'llrp_u16_t': undeclared identifier
c:\users\mrdav\source\repos\rfidcommandcenter\mercury api global lib\ltkc_base.h(84): error C2146: syntax error: missing ')' before identifier 'nValue'
c:\users\mrdav\source\repos\rfidcommandcenter\mercury api global lib\ltkc_base.h(91): error C3646: 'nValue': unknown override specifier
c:\users\mrdav\source\repos\rfidcommandcenter\mercury api global lib\ltkc_base.h(91): error C4430: missing type specifier - int assumed. Note: C++ does not support default-int
c:\users\mrdav\source\repos\rfidcommandcenter\mercury api global lib\ltkc_base.h(92): error C2143: syntax error: missing ';' before '*'
c:\users\mrdav\source\repos\rfidcommandcenter\mercury api global lib\ltkc_base.h(92): error C4430: missing type specifier - int assumed. Note: C++ does not support default-int
c:\users\mrdav\source\repos\rfidcommandcenter\mercury api global lib\ltkc_base.h(92): error C2238: unexpected token(s) preceding ';'
c:\users\mrdav\source\repos\rfidcommandcenter\mercury api global lib\ltkc_base.h(95): error C2065: 'llrp_u16_t': undeclared identifier
c:\users\mrdav\source\repos\rfidcommandcenter\mercury api global lib\ltkc_base.h(95): error C2146: syntax error: missing ')' before identifier 'nValue'
c:\users\mrdav\source\repos\rfidcommandcenter\mercury api global lib\ltkc_base.h(102): error C3646: 'nValue': unknown override specifier
c:\users\mrdav\source\repos\rfidcommandcenter\mercury api global lib\ltkc_base.h(102): error C4430: missing type specifier - int assumed. Note: C++ does not support default-int
c:\users\mrdav\source\repos\rfidcommandcenter\mercury api global lib\ltkc_base.h(103): error C2143: syntax error: missing ';' before '*'
c:\users\mrdav\source\repos\rfidcommandcenter\mercury api global lib\ltkc_base.h(103): error C4430: missing type specifier - int assumed. Note: C++ does not support default-int
c:\users\mrdav\source\repos\rfidcommandcenter\mercury api global lib\ltkc_base.h(103): error C2238: unexpected token(s) preceding ';'
c:\users\mrdav\source\repos\rfidcommandcenter\mercury api global lib\ltkc_base.h(106): error C2065: 'llrp_u16_t': undeclared identifier
c:\users\mrdav\source\repos\rfidcommandcenter\mercury api global lib\ltkc_base.h(106): error C2146: syntax error: missing ')' before identifier 'nValue'
c:\users\mrdav\source\repos\rfidcommandcenter\mercury api global lib\ltkc_base.h(113): error C3646: 'nValue': unknown override specifier
c:\users\mrdav\source\repos\rfidcommandcenter\mercury api global lib\ltkc_base.h(113): error C4430: missing type specifier - int assumed. Note: C++ does not support default-int
c:\users\mrdav\source\repos\rfidcommandcenter\mercury api global lib\ltkc_base.h(114): error C2143: syntax error: missing ';' before '*'
c:\users\mrdav\source\repos\rfidcommandcenter\mercury api global lib\ltkc_base.h(114): error C4430: missing type specifier - int assumed. Note: C++ does not support default-int
c:\users\mrdav\source\repos\rfidcommandcenter\mercury api global lib\ltkc_base.h(114): error C2238: unexpected token(s) preceding ';'
c:\users\mrdav\source\repos\rfidcommandcenter\mercury api global lib\ltkc_base.h(117): error C2065: 'llrp_u16_t': undeclared identifier
c:\users\mrdav\source\repos\rfidcommandcenter\mercury api global lib\ltkc_base.h(117): error C2146: syntax error: missing ')' before identifier 'nValue'
c:\users\mrdav\source\repos\rfidcommandcenter\mercury api global lib\ltkc_base.h(124): error C3646: 'nValue': unknown override specifier
c:\users\mrdav\source\repos\rfidcommandcenter\mercury api global lib\ltkc_base.h(124): error C4430: missing type specifier - int assumed. Note: C++ does not support default-int
c:\users\mrdav\source\repos\rfidcommandcenter\mercury api global lib\ltkc_base.h(125): error C2143: syntax error: missing ';' before '*'
c:\users\mrdav\source\repos\rfidcommandcenter\mercury api global lib\ltkc_base.h(125): error C4430: missing type specifier - int assumed. Note: C++ does not support default-int
c:\users\mrdav\source\repos\rfidcommandcenter\mercury api global lib\ltkc_base.h(125): error C2238: unexpected token(s) preceding ';'
c:\users\mrdav\source\repos\rfidcommandcenter\mercury api global lib\ltkc_base.h(128): error C2065: 'llrp_u16_t': undeclared identifier
c:\users\mrdav\source\repos\rfidcommandcenter\mercury api global lib\ltkc_base.h(128): error C2146: syntax error: missing ')' before identifier 'nValue'
c:\users\mrdav\source\repos\rfidcommandcenter\mercury api global lib\ltkc_base.h(135): error C3646: 'nValue': unknown override specifier
c:\users\mrdav\source\repos\rfidcommandcenter\mercury api global lib\ltkc_base.h(135): error C4430: missing type specifier - int assumed. Note: C++ does not support default-int
c:\users\mrdav\source\repos\rfidcommandcenter\mercury api global lib\ltkc_base.h(136): error C2143: syntax error: missing ';' before '*'
c:\users\mrdav\source\repos\rfidcommandcenter\mercury api global lib\ltkc_base.h(136): error C4430: missing type specifier - int assumed. Note: C++ does not support default-int
c:\users\mrdav\source\repos\rfidcommandcenter\mercury api global lib\ltkc_base.h(136): error C2238: unexpected token(s) preceding ';'
c:\users\mrdav\source\repos\rfidcommandcenter\mercury api global lib\ltkc_base.h(139): error C2065: 'llrp_u16_t': undeclared identifier
c:\users\mrdav\source\repos\rfidcommandcenter\mercury api global lib\ltkc_base.h(139): error C2146: syntax error: missing ')' before identifier 'nValue'
c:\users\mrdav\source\repos\rfidcommandcenter\mercury api global lib\ltkc_base.h(146): error C3646: 'nValue': unknown override specifier
c:\users\mrdav\source\repos\rfidcommandcenter\mercury api global lib\ltkc_base.h(146): error C4430: missing type specifier - int assumed. Note: C++ does not support default-int
c:\users\mrdav\source\repos\rfidcommandcenter\mercury api global lib\ltkc_base.h(147): error C2143: syntax error: missing ';' before '*'
c:\users\mrdav\source\repos\rfidcommandcenter\mercury api global lib\ltkc_base.h(147): error C4430: missing type specifier - int assumed. Note: C++ does not support default-int
c:\users\mrdav\source\repos\rfidcommandcenter\mercury api global lib\ltkc_base.h(147): error C2238: unexpected token(s) preceding ';'
c:\users\mrdav\source\repos\rfidcommandcenter\mercury api global lib\ltkc_base.h(150): error C2065: 'llrp_u16_t': undeclared identifier
c:\users\mrdav\source\repos\rfidcommandcenter\mercury api global lib\ltkc_base.h(150): error C2146: syntax error: missing ')' before identifier 'nValue'
c:\users\mrdav\source\repos\rfidcommandcenter\mercury api global lib\ltkc_base.h(157): error C3646: 'nValue': unknown override specifier
c:\users\mrdav\source\repos\rfidcommandcenter\mercury api global lib\ltkc_base.h(157): error C4430: missing type specifier - int assumed. Note: C++ does not support default-int
c:\users\mrdav\source\repos\rfidcommandcenter\mercury api global lib\ltkc_base.h(158): error C2143: syntax error: missing ';' before '*'
c:\users\mrdav\source\repos\rfidcommandcenter\mercury api global lib\ltkc_base.h(158): error C4430: missing type specifier - int assumed. Note: C++ does not support default-int
c:\users\mrdav\source\repos\rfidcommandcenter\mercury api global lib\ltkc_base.h(158): error C2238: unexpected token(s) preceding ';'
c:\users\mrdav\source\repos\rfidcommandcenter\mercury api global lib\ltkc_base.h(161): error C2065: 'llrp_u16_t': undeclared identifier
c:\users\mrdav\source\repos\rfidcommandcenter\mercury api global lib\ltkc_base.h(161): error C2146: syntax error: missing ')' before identifier 'nValue'
c:\users\mrdav\source\repos\rfidcommandcenter\mercury api global lib\ltkc_base.h(168): error C3646: 'nBit': unknown override specifier
c:\users\mrdav\source\repos\rfidcommandcenter\mercury api global lib\ltkc_base.h(168): error C4430: missing type specifier - int assumed. Note: C++ does not support default-int
c:\users\mrdav\source\repos\rfidcommandcenter\mercury api global lib\ltkc_base.h(169): error C2143: syntax error: missing ';' before '*'
c:\users\mrdav\source\repos\rfidcommandcenter\mercury api global lib\ltkc_base.h(169): error C4430: missing type specifier - int assumed. Note: C++ does not support default-int
c:\users\mrdav\source\repos\rfidcommandcenter\mercury api global lib\ltkc_base.h(169): error C2238: unexpected token(s) preceding ';'
c:\users\mrdav\source\repos\rfidcommandcenter\mercury api global lib\ltkc_base.h(172): error C2065: 'llrp_u16_t': undeclared identifier
c:\users\mrdav\source\repos\rfidcommandcenter\mercury api global lib\ltkc_base.h(172): error C2146: syntax error: missing ')' before identifier 'nBit'
c:\users\mrdav\source\repos\rfidcommandcenter\mercury api global lib\ltkc_base.h(179): error C3646: 'nValue': unknown override specifier
c:\users\mrdav\source\repos\rfidcommandcenter\mercury api global lib\ltkc_base.h(179): error C4430: missing type specifier - int assumed. Note: C++ does not support default-int
c:\users\mrdav\source\repos\rfidcommandcenter\mercury api global lib\ltkc_base.h(180): error C2143: syntax error: missing ';' before '*'
c:\users\mrdav\source\repos\rfidcommandcenter\mercury api global lib\ltkc_base.h(180): error C4430: missing type specifier - int assumed. Note: C++ does not support default-int
c:\users\mrdav\source\repos\rfidcommandcenter\mercury api global lib\ltkc_base.h(180): error C2238: unexpected token(s) preceding ';'
c:\users\mrdav\source\repos\rfidcommandcenter\mercury api global lib\ltkc_base.h(183): error C2065: 'llrp_u16_t': undeclared identifier
c:\users\mrdav\source\repos\rfidcommandcenter\mercury api global lib\ltkc_base.h(183): error C2146: syntax error: missing ')' before identifier 'nValue'
c:\users\mrdav\source\repos\rfidcommandcenter\mercury api global lib\ltkc_base.h(190): error C3646: 'nValue': unknown override specifier
c:\users\mrdav\source\repos\rfidcommandcenter\mercury api global lib\ltkc_base.h(190): error C4430: missing type specifier - int assumed. Note: C++ does not support default-int
c:\users\mrdav\source\repos\rfidcommandcenter\mercury api global lib\ltkc_base.h(191): error C2143: syntax error: missing ';' before '*'
c:\users\mrdav\source\repos\rfidcommandcenter\mercury api global lib\ltkc_base.h(191): error C4430: missing type specifier - int assumed. Note: C++ does not support default-int
c:\users\mrdav\source\repos\rfidcommandcenter\mercury api global lib\ltkc_base.h(191): error C2238: unexpected token(s) preceding ';'
c:\users\mrdav\source\repos\rfidcommandcenter\mercury api global lib\ltkc_base.h(194): error C2065: 'llrp_u16_t': undeclared identifier
c:\users\mrdav\source\repos\rfidcommandcenter\mercury api global lib\ltkc_base.h(194): error C2146: syntax error: missing ')' before identifier 'nValue'
c:\users\mrdav\source\repos\rfidcommandcenter\mercury api global lib\ltkc_base.h(202): error C3646: 'aValue': unknown override specifier
c:\users\mrdav\source\repos\rfidcommandcenter\mercury api global lib\ltkc_base.h(202): error C2143: syntax error: missing ',' before '['
c:\users\mrdav\source\repos\rfidcommandcenter\mercury api global lib\ltkc_base.h(202): error C2143: syntax error: missing ')' before ';'
c:\users\mrdav\source\repos\rfidcommandcenter\mercury api global lib\ltkc_base.h(202): error C2238: unexpected token(s) preceding ';'
c:\users\mrdav\source\repos\rfidcommandcenter\mercury api global lib\ltkc_base.h(245): error C3646: 'tcpErrno': unknown override specifier
c:\users\mrdav\source\repos\rfidcommandcenter\mercury api global lib\ltkc_base.h(245): error C4430: missing type specifier - int assumed. Note: C++ does not support default-int
c:\users\mrdav\source\repos\rfidcommandcenter\mercury api global lib\ltkc_base.h(277): error C3646: 'VendorID': unknown override specifier
c:\users\mrdav\source\repos\rfidcommandcenter\mercury api global lib\ltkc_base.h(277): error C4430: missing type specifier - int assumed. Note: C++ does not support default-int
c:\users\mrdav\source\repos\rfidcommandcenter\mercury api global lib\ltkc_base.h(339): error C3646: 'bIsMessage': unknown override specifier
c:\users\mrdav\source\repos\rfidcommandcenter\mercury api global lib\ltkc_base.h(339): error C4430: missing type specifier - int assumed. Note: C++ does not support default-int
c:\users\mrdav\source\repos\rfidcommandcenter\mercury api global lib\ltkc_base.h(352): error C3646: 'TypeNum': unknown override specifier
c:\users\mrdav\source\repos\rfidcommandcenter\mercury api global lib\ltkc_base.h(352): error C4430: missing type specifier - int assumed. Note: C++ does not support default-int
c:\users\mrdav\source\repos\rfidcommandcenter\mercury api global lib\ltkc_base.h(403): error C2059: syntax error: '*'
c:\users\mrdav\source\repos\rfidcommandcenter\mercury api global lib\ltkc_base.h(404): error C2091: function returns function
c:\users\mrdav\source\repos\rfidcommandcenter\mercury api global lib\ltkc_base.h(404): error C4430: missing type specifier - int assumed. Note: C++ does not support default-int
c:\users\mrdav\source\repos\rfidcommandcenter\mercury api global lib\ltkc_base.h(404): warning C4183: 'llrp_bool_t': missing return type; assumed to be a member function returning 'int'
c:\users\mrdav\source\repos\rfidcommandcenter\mercury api global lib\ltkc_base.h(586): error C3646: 'MessageID': unknown override specifier
c:\users\mrdav\source\repos\rfidcommandcenter\mercury api global lib\ltkc_base.h(586): error C4430: missing type specifier - int assumed. Note: C++ does not support default-int
c:\users\mrdav\source\repos\rfidcommandcenter\mercury api global lib\ltkc_base.h(667): error C2061: syntax error: identifier 'llrp_u32_t'
c:\users\mrdav\source\repos\rfidcommandcenter\mercury api global lib\ltkc_base.h(670): error C4430: missing type specifier - int assumed. Note: C++ does not support default-int
c:\users\mrdav\source\repos\rfidcommandcenter\mercury api global lib\ltkc_base.h(670): error C2146: syntax error: missing ';' before identifier 'LLRP_Parameter_isAllowedIn'
c:\users\mrdav\source\repos\rfidcommandcenter\mercury api global lib\ltkc_base.h(672): error C4430: missing type specifier - int assumed. Note: C++ does not support default-int
c:\users\mrdav\source\repos\rfidcommandcenter\mercury api global lib\ltkc_base.h(675): error C4430: missing type specifier - int assumed. Note: C++ does not support default-int
c:\users\mrdav\source\repos\rfidcommandcenter\mercury api global lib\ltkc_base.h(675): error C2146: syntax error: missing ';' before identifier 'LLRP_Parameter_isAllowedExtension'
c:\users\mrdav\source\repos\rfidcommandcenter\mercury api global lib\ltkc_base.h(677): error C4430: missing type specifier - int assumed. Note: C++ does not support default-int
c:\users\mrdav\source\repos\rfidcommandcenter\mercury api global lib\ltkc_base.h(765): error C2059: syntax error: '*'
c:\users\mrdav\source\repos\rfidcommandcenter\mercury api global lib\ltkc_base.h(767): error C2091: function returns function
c:\users\mrdav\source\repos\rfidcommandcenter\mercury api global lib\ltkc_base.h(767): error C4430: missing type specifier - int assumed. Note: C++ does not support default-int
c:\users\mrdav\source\repos\rfidcommandcenter\mercury api global lib\ltkc_base.h(767): warning C4183: 'llrp_u8_t': missing return type; assumed to be a member function returning 'int'
c:\users\mrdav\source\repos\rfidcommandcenter\mercury api global lib\ltkc_base.h(770): error C2059: syntax error: '*'
c:\users\mrdav\source\repos\rfidcommandcenter\mercury api global lib\ltkc_base.h(772): error C2091: function returns function
c:\users\mrdav\source\repos\rfidcommandcenter\mercury api global lib\ltkc_base.h(772): error C4430: missing type specifier - int assumed. Note: C++ does not support default-int
c:\users\mrdav\source\repos\rfidcommandcenter\mercury api global lib\ltkc_base.h(772): warning C4183: 'llrp_s8_t': missing return type; assumed to be a member function returning 'int'
c:\users\mrdav\source\repos\rfidcommandcenter\mercury api global lib\ltkc_base.h(789): error C2059: syntax error: '*'
c:\users\mrdav\source\repos\rfidcommandcenter\mercury api global lib\ltkc_base.h(791): error C2091: function returns function
c:\users\mrdav\source\repos\rfidcommandcenter\mercury api global lib\ltkc_base.h(791): error C4430: missing type specifier - int assumed. Note: C++ does not support default-int
c:\users\mrdav\source\repos\rfidcommandcenter\mercury api global lib\ltkc_base.h(791): warning C4183: 'llrp_u16_t': missing return type; assumed to be a member function returning 'int'
c:\users\mrdav\source\repos\rfidcommandcenter\mercury api global lib\ltkc_base.h(794): error C2059: syntax error: '*'
c:\users\mrdav\source\repos\rfidcommandcenter\mercury api global lib\ltkc_base.h(796): error C2091: function returns function
c:\users\mrdav\source\repos\rfidcommandcenter\mercury api global lib\ltkc_base.h(796): error C4430: missing type specifier - int assumed. Note: C++ does not support default-int
c:\users\mrdav\source\repos\rfidcommandcenter\mercury api global lib\ltkc_base.h(796): warning C4183: 'llrp_s16_t': missing return type; assumed to be a member function returning 'int'
c:\users\mrdav\source\repos\rfidcommandcenter\mercury api global lib\ltkc_base.h(813): error C2059: syntax error: '*'
c:\users\mrdav\source\repos\rfidcommandcenter\mercury api global lib\ltkc_base.h(815): error C2091: function returns function
c:\users\mrdav\source\repos\rfidcommandcenter\mercury api global lib\ltkc_base.h(815): error C4430: missing type specifier - int assumed. Note: C++ does not support default-int
c:\users\mrdav\source\repos\rfidcommandcenter\mercury api global lib\ltkc_base.h(815): warning C4183: 'llrp_u32_t': missing return type; assumed to be a member function returning 'int'
c:\users\mrdav\source\repos\rfidcommandcenter\mercury api global lib\ltkc_base.h(818): error C2059: syntax error: '*'
c:\users\mrdav\source\repos\rfidcommandcenter\mercury api global lib\ltkc_base.h(820): error C2091: function returns function
c:\users\mrdav\source\repos\rfidcommandcenter\mercury api global lib\ltkc_base.h(820): error C4430: missing type specifier - int assumed. Note: C++ does not support default-int
c:\users\mrdav\source\repos\rfidcommandcenter\mercury api global lib\ltkc_base.h(820): warning C4183: 'llrp_s32_t': missing return type; assumed to be a member function returning 'int'
c:\users\mrdav\source\repos\rfidcommandcenter\mercury api global lib\ltkc_base.h(837): error C2059: syntax error: '*'
c:\users\mrdav\source\repos\rfidcommandcenter\mercury api global lib\ltkc_base.h(839): error C2091: function returns function
c:\users\mrdav\source\repos\rfidcommandcenter\mercury api global lib\ltkc_base.h(839): error C4430: missing type specifier - int assumed. Note: C++ does not support default-int
c:\users\mrdav\source\repos\rfidcommandcenter\mercury api global lib\ltkc_base.h(839): warning C4183: 'llrp_u64_t': missing return type; assumed to be a member function returning 'int'
c:\users\mrdav\source\repos\rfidcommandcenter\mercury api global lib\ltkc_base.h(842): error C2059: syntax error: '*'
c:\users\mrdav\source\repos\rfidcommandcenter\mercury api global lib\ltkc_base.h(844): error C2091: function returns function
c:\users\mrdav\source\repos\rfidcommandcenter\mercury api global lib\ltkc_base.h(844): error C4430: missing type specifier - int assumed. Note: C++ does not support default-int
c:\users\mrdav\source\repos\rfidcommandcenter\mercury api global lib\ltkc_base.h(844): warning C4183: 'llrp_s64_t': missing return type; assumed to be a member function returning 'int'
c:\users\mrdav\source\repos\rfidcommandcenter\mercury api global lib\ltkc_base.h(861): error C2059: syntax error: '*'
c:\users\mrdav\source\repos\rfidcommandcenter\mercury api global lib\ltkc_base.h(863): error C2091: function returns function
c:\users\mrdav\source\repos\rfidcommandcenter\mercury api global lib\ltkc_base.h(863): error C4430: missing type specifier - int assumed. Note: C++ does not support default-int
c:\users\mrdav\source\repos\rfidcommandcenter\mercury api global lib\ltkc_base.h(863): warning C4183: 'llrp_u1_t': missing return type; assumed to be a member function returning 'int'
c:\users\mrdav\source\repos\rfidcommandcenter\mercury api global lib\ltkc_base.h(871): error C2059: syntax error: '*'
c:\users\mrdav\source\repos\rfidcommandcenter\mercury api global lib\ltkc_base.h(873): error C2091: function returns function
c:\users\mrdav\source\repos\rfidcommandcenter\mercury api global lib\ltkc_base.h(873): error C4430: missing type specifier - int assumed. Note: C++ does not support default-int
c:\users\mrdav\source\repos\rfidcommandcenter\mercury api global lib\ltkc_base.h(873): warning C4183: 'llrp_u2_t': missing return type; assumed to be a member function returning 'int'
c:\users\mrdav\source\repos\rfidcommandcenter\mercury api global lib\ltkc_base.h(994): error C4430: missing type specifier - int assumed. Note: C++ does not support default-int
c:\users\mrdav\source\repos\rfidcommandcenter\mercury api global lib\ltkc_base.h(994): error C2146: syntax error: missing ')' before identifier 'Value'
c:\users\mrdav\source\repos\rfidcommandcenter\mercury api global lib\ltkc_base.h(994): error C3646: 'Value': unknown override specifier
c:\users\mrdav\source\repos\rfidcommandcenter\mercury api global lib\ltkc_base.h(995): error C2143: syntax error: missing ';' before '*'
c:\users\mrdav\source\repos\rfidcommandcenter\mercury api global lib\ltkc_base.h(995): error C2182: 'LLRP_tSFieldDescriptor': illegal use of type 'void'
c:\users\mrdav\source\repos\rfidcommandcenter\mercury api global lib\ltkc_base.h(995): warning C4228: nonstandard extension used: qualifiers after comma in declarator list are ignored
c:\users\mrdav\source\repos\rfidcommandcenter\mercury api global lib\ltkc_base.h(995): error C2059: syntax error: ')'
c:\users\mrdav\source\repos\rfidcommandcenter\mercury api global lib\ltkc_base.h(995): error C2238: unexpected token(s) preceding ';'
c:\users\mrdav\source\repos\rfidcommandcenter\mercury api global lib\ltkc_base.h(1000): error C4430: missing type specifier - int assumed. Note: C++ does not support default-int
c:\users\mrdav\source\repos\rfidcommandcenter\mercury api global lib\ltkc_base.h(1000): error C2146: syntax error: missing ')' before identifier 'Value'
c:\users\mrdav\source\repos\rfidcommandcenter\mercury api global lib\ltkc_base.h(1000): error C3646: 'Value': unknown override specifier
c:\users\mrdav\source\repos\rfidcommandcenter\mercury api global lib\ltkc_base.h(1001): error C2143: syntax error: missing ';' before '*'
c:\users\mrdav\source\repos\rfidcommandcenter\mercury api global lib\ltkc_base.h(1001): error C2182: 'LLRP_tSFieldDescriptor': illegal use of type 'void'
c:\users\mrdav\source\repos\rfidcommandcenter\mercury api global lib\ltkc_base.h(1001): error C2086: 'int LLRP_SEncoderStreamOps::LLRP_tSFieldDescriptor': redefinition
  c:\users\mrdav\source\repos\rfidcommandcenter\mercury api global lib\ltkc_base.h(995): note: see declaration of 'LLRP_SEncoderStreamOps::LLRP_tSFieldDescriptor'
c:\users\mrdav\source\repos\rfidcommandcenter\mercury api global lib\ltkc_base.h(1001): warning C4228: nonstandard extension used: qualifiers after comma in declarator list are ignored
c:\users\mrdav\source\repos\rfidcommandcenter\mercury api global lib\ltkc_base.h(1001): error C2059: syntax error: ')'
c:\users\mrdav\source\repos\rfidcommandcenter\mercury api global lib\ltkc_base.h(1001): fatal error C1003: error count exceeds 100; stopping compilation
