  pch.cpp
  AntennaSettings.cpp
  ClientSettings.cpp
  CommunicationObjects.cpp
  DeviceController.cpp
c:\users\david jones\documents\github\senior-design-2\rfiddevicecontroller\devicecontroller.cpp(169): warning C4244: 'argument': conversion from 'unsigned __int64' to 'int', possible loss of data
c:\users\david jones\documents\github\senior-design-2\rfiddevicecontroller\devicecontroller.cpp(406): warning C4018: '>=': signed/unsigned mismatch
c:\users\david jones\documents\github\senior-design-2\rfiddevicecontroller\devicecontroller.cpp(413): warning C4018: '>': signed/unsigned mismatch
c:\users\david jones\documents\github\senior-design-2\rfiddevicecontroller\devicecontroller.cpp(421): warning C4018: '>=': signed/unsigned mismatch
c:\users\david jones\documents\github\senior-design-2\rfiddevicecontroller\devicecontroller.cpp(434): warning C4018: '>': signed/unsigned mismatch
c:\users\david jones\documents\github\senior-design-2\rfiddevicecontroller\devicecontroller.cpp(438): warning C4018: '>=': signed/unsigned mismatch
c:\users\david jones\documents\github\senior-design-2\rfiddevicecontroller\devicecontroller.cpp(353): warning C4101: 'retryCount': unreferenced local variable
c:\users\david jones\documents\github\senior-design-2\rfiddevicecontroller\devicecontroller.cpp(521): warning C4244: 'argument': conversion from 'time_t' to 'unsigned int', possible loss of data
c:\users\david jones\documents\github\senior-design-2\rfiddevicecontroller\devicecontroller.cpp(610): warning C4101: 'endTickCnt': unreferenced local variable
c:\users\david jones\documents\github\senior-design-2\rfiddevicecontroller\devicecontroller.cpp(610): warning C4101: 'startTickCnt': unreferenced local variable
c:\users\david jones\documents\github\senior-design-2\rfiddevicecontroller\devicecontroller.cpp(609): warning C4101: 'pCmd': unreferenced local variable
  DeviceSettings.cpp
  IClientToHostCommunication.cpp
c:\users\david jones\documents\github\senior-design-2\rfiddevicecontroller\iclienttohostcommunication.cpp(3): warning C4067: unexpected tokens following preprocessor directive - expected a newline
  ILog.cpp
  LinuxClientToHostCommunication.cpp
  ReaderSettings.cpp
  RFIDAntenna.cpp
  RFIDDeviceController.cpp
  RFIDReader.cpp
  WindowsClientToHostCommunication.cpp
MERCURYAPI.LIB(tm_reader.obj) : warning LNK4075: ignoring '/EDITANDCONTINUE' due to '/OPT:ICF' specification
     Creating library C:\Users\David Jones\Documents\GitHub\Senior-Design-2\Release\RFIDDeviceController.lib and object C:\Users\David Jones\Documents\GitHub\Senior-Design-2\Release\RFIDDeviceController.exp
LINK : warning LNK4098: defaultlib 'MSVCRTD' conflicts with use of other libs; use /NODEFAULTLIB:library
  Generating code
  All 125 functions were compiled because no usable IPDB/IOBJ from previous compilation was found.
  Finished generating code
MERCURYAPI.LIB(hex_bytes.obj) : warning LNK4099: PDB 'MercuryAPI.pdb' was not found with 'MERCURYAPI.LIB(hex_bytes.obj)' or at 'C:\Users\David Jones\Documents\GitHub\Senior-Design-2\Release\MercuryAPI.pdb'; linking object as if no debug info
MERCURYAPI.LIB(llrp_reader.obj) : warning LNK4099: PDB 'MercuryAPI.pdb' was not found with 'MERCURYAPI.LIB(llrp_reader.obj)' or at 'C:\Users\David Jones\Documents\GitHub\Senior-Design-2\Release\MercuryAPI.pdb'; linking object as if no debug info
MERCURYAPI.LIB(llrp_reader_l3.obj) : warning LNK4099: PDB 'MercuryAPI.pdb' was not found with 'MERCURYAPI.LIB(llrp_reader_l3.obj)' or at 'C:\Users\David Jones\Documents\GitHub\Senior-Design-2\Release\MercuryAPI.pdb'; linking object as if no debug info
MERCURYAPI.LIB(osdep_win32.obj) : warning LNK4099: PDB 'MercuryAPI.pdb' was not found with 'MERCURYAPI.LIB(osdep_win32.obj)' or at 'C:\Users\David Jones\Documents\GitHub\Senior-Design-2\Release\MercuryAPI.pdb'; linking object as if no debug info
MERCURYAPI.LIB(serial_reader.obj) : warning LNK4099: PDB 'MercuryAPI.pdb' was not found with 'MERCURYAPI.LIB(serial_reader.obj)' or at 'C:\Users\David Jones\Documents\GitHub\Senior-Design-2\Release\MercuryAPI.pdb'; linking object as if no debug info
MERCURYAPI.LIB(serial_reader_l3.obj) : warning LNK4099: PDB 'MercuryAPI.pdb' was not found with 'MERCURYAPI.LIB(serial_reader_l3.obj)' or at 'C:\Users\David Jones\Documents\GitHub\Senior-Design-2\Release\MercuryAPI.pdb'; linking object as if no debug info
MERCURYAPI.LIB(serial_transport_win32.obj) : warning LNK4099: PDB 'MercuryAPI.pdb' was not found with 'MERCURYAPI.LIB(serial_transport_win32.obj)' or at 'C:\Users\David Jones\Documents\GitHub\Senior-Design-2\Release\MercuryAPI.pdb'; linking object as if no debug info
MERCURYAPI.LIB(tmr_utils.obj) : warning LNK4099: PDB 'MercuryAPI.pdb' was not found with 'MERCURYAPI.LIB(tmr_utils.obj)' or at 'C:\Users\David Jones\Documents\GitHub\Senior-Design-2\Release\MercuryAPI.pdb'; linking object as if no debug info
MERCURYAPI.LIB(tm_reader.obj) : warning LNK4099: PDB 'MercuryAPI.pdb' was not found with 'MERCURYAPI.LIB(tm_reader.obj)' or at 'C:\Users\David Jones\Documents\GitHub\Senior-Design-2\Release\MercuryAPI.pdb'; linking object as if no debug info
MERCURYAPI.LIB(tm_reader_async.obj) : warning LNK4099: PDB 'MercuryAPI.pdb' was not found with 'MERCURYAPI.LIB(tm_reader_async.obj)' or at 'C:\Users\David Jones\Documents\GitHub\Senior-Design-2\Release\MercuryAPI.pdb'; linking object as if no debug info
MERCURYAPI.LIB(tm_ltkc_genout.obj) : warning LNK4099: PDB 'libltkcllrporg.pdb' was not found with 'MERCURYAPI.LIB(tm_ltkc_genout.obj)' or at 'C:\Users\David Jones\Documents\GitHub\Senior-Design-2\Release\libltkcllrporg.pdb'; linking object as if no debug info
MERCURYAPI.LIB(ltkc_xmltextencode.obj) : warning LNK4099: PDB 'libltkc.pdb' was not found with 'MERCURYAPI.LIB(ltkc_xmltextencode.obj)' or at 'C:\Users\David Jones\Documents\GitHub\Senior-Design-2\Release\libltkc.pdb'; linking object as if no debug info
MERCURYAPI.LIB(ltkc_typeregistry.obj) : warning LNK4099: PDB 'libltkc.pdb' was not found with 'MERCURYAPI.LIB(ltkc_typeregistry.obj)' or at 'C:\Users\David Jones\Documents\GitHub\Senior-Design-2\Release\libltkc.pdb'; linking object as if no debug info
MERCURYAPI.LIB(ltkc_hdrfd.obj) : warning LNK4099: PDB 'libltkc.pdb' was not found with 'MERCURYAPI.LIB(ltkc_hdrfd.obj)' or at 'C:\Users\David Jones\Documents\GitHub\Senior-Design-2\Release\libltkc.pdb'; linking object as if no debug info
MERCURYAPI.LIB(ltkc_genout.obj) : warning LNK4099: PDB 'libltkc.pdb' was not found with 'MERCURYAPI.LIB(ltkc_genout.obj)' or at 'C:\Users\David Jones\Documents\GitHub\Senior-Design-2\Release\libltkc.pdb'; linking object as if no debug info
MERCURYAPI.LIB(ltkc_frameextract.obj) : warning LNK4099: PDB 'libltkc.pdb' was not found with 'MERCURYAPI.LIB(ltkc_frameextract.obj)' or at 'C:\Users\David Jones\Documents\GitHub\Senior-Design-2\Release\libltkc.pdb'; linking object as if no debug info
MERCURYAPI.LIB(ltkc_frameencode.obj) : warning LNK4099: PDB 'libltkc.pdb' was not found with 'MERCURYAPI.LIB(ltkc_frameencode.obj)' or at 'C:\Users\David Jones\Documents\GitHub\Senior-Design-2\Release\libltkc.pdb'; linking object as if no debug info
MERCURYAPI.LIB(ltkc_framedecode.obj) : warning LNK4099: PDB 'libltkc.pdb' was not found with 'MERCURYAPI.LIB(ltkc_framedecode.obj)' or at 'C:\Users\David Jones\Documents\GitHub\Senior-Design-2\Release\libltkc.pdb'; linking object as if no debug info
MERCURYAPI.LIB(ltkc_error.obj) : warning LNK4099: PDB 'libltkc.pdb' was not found with 'MERCURYAPI.LIB(ltkc_error.obj)' or at 'C:\Users\David Jones\Documents\GitHub\Senior-Design-2\Release\libltkc.pdb'; linking object as if no debug info
MERCURYAPI.LIB(ltkc_encdec.obj) : warning LNK4099: PDB 'libltkc.pdb' was not found with 'MERCURYAPI.LIB(ltkc_encdec.obj)' or at 'C:\Users\David Jones\Documents\GitHub\Senior-Design-2\Release\libltkc.pdb'; linking object as if no debug info
MERCURYAPI.LIB(ltkc_element.obj) : warning LNK4099: PDB 'libltkc.pdb' was not found with 'MERCURYAPI.LIB(ltkc_element.obj)' or at 'C:\Users\David Jones\Documents\GitHub\Senior-Design-2\Release\libltkc.pdb'; linking object as if no debug info
MERCURYAPI.LIB(ltkc_connection.obj) : warning LNK4099: PDB 'libltkc.pdb' was not found with 'MERCURYAPI.LIB(ltkc_connection.obj)' or at 'C:\Users\David Jones\Documents\GitHub\Senior-Design-2\Release\libltkc.pdb'; linking object as if no debug info
MERCURYAPI.LIB(ltkc_array.obj) : warning LNK4099: PDB 'libltkc.pdb' was not found with 'MERCURYAPI.LIB(ltkc_array.obj)' or at 'C:\Users\David Jones\Documents\GitHub\Senior-Design-2\Release\libltkc.pdb'; linking object as if no debug info
  RFIDDeviceController.vcxproj -> C:\Users\David Jones\Documents\GitHub\Senior-Design-2\Release\RFIDDeviceController.exe
