c:\users\david jones\documents\github\senior-design-2\rfiddevicecontroller\release\rfiddevicecontroller.pch
c:\users\david jones\documents\github\senior-design-2\rfiddevicecontroller\release\vc141.pdb
c:\users\david jones\documents\github\senior-design-2\rfiddevicecontroller\release\pch.obj
c:\users\david jones\documents\github\senior-design-2\rfiddevicecontroller\release\windowsclienttohostcommunication.obj
c:\users\david jones\documents\github\senior-design-2\rfiddevicecontroller\release\rfidreader.obj
c:\users\david jones\documents\github\senior-design-2\rfiddevicecontroller\release\rfiddevicecontroller.obj
c:\users\david jones\documents\github\senior-design-2\rfiddevicecontroller\release\rfidantenna.obj
c:\users\david jones\documents\github\senior-design-2\rfiddevicecontroller\release\readersettings.obj
c:\users\david jones\documents\github\senior-design-2\rfiddevicecontroller\release\linuxclienttohostcommunication.obj
c:\users\david jones\documents\github\senior-design-2\rfiddevicecontroller\release\ilog.obj
c:\users\david jones\documents\github\senior-design-2\rfiddevicecontroller\release\iclienttohostcommunication.obj
c:\users\david jones\documents\github\senior-design-2\rfiddevicecontroller\release\devicesettings.obj
c:\users\david jones\documents\github\senior-design-2\rfiddevicecontroller\release\devicecontroller.obj
c:\users\david jones\documents\github\senior-design-2\rfiddevicecontroller\release\communicationobjects.obj
c:\users\david jones\documents\github\senior-design-2\rfiddevicecontroller\release\clientsettings.obj
c:\users\david jones\documents\github\senior-design-2\rfiddevicecontroller\release\antennasettings.obj
c:\users\david jones\documents\github\senior-design-2\release\rfiddevicecontroller.exe
c:\users\david jones\documents\github\senior-design-2\release\rfiddevicecontroller.pdb
c:\users\david jones\documents\github\senior-design-2\release\rfiddevicecontroller.lib
c:\users\david jones\documents\github\senior-design-2\release\rfiddevicecontroller.exp
c:\users\david jones\documents\github\senior-design-2\release\rfiddevicecontroller.ipdb
c:\users\david jones\documents\github\senior-design-2\release\rfiddevicecontroller.iobj
c:\users\david jones\documents\github\senior-design-2\rfiddevicecontroller\release\rfiddevi.a2993b16.tlog\cl.command.1.tlog
c:\users\david jones\documents\github\senior-design-2\rfiddevicecontroller\release\rfiddevi.a2993b16.tlog\cl.read.1.tlog
c:\users\david jones\documents\github\senior-design-2\rfiddevicecontroller\release\rfiddevi.a2993b16.tlog\cl.write.1.tlog
c:\users\david jones\documents\github\senior-design-2\rfiddevicecontroller\release\rfiddevi.a2993b16.tlog\link.command.1.tlog
c:\users\david jones\documents\github\senior-design-2\rfiddevicecontroller\release\rfiddevi.a2993b16.tlog\link.read.1.tlog
c:\users\david jones\documents\github\senior-design-2\rfiddevicecontroller\release\rfiddevi.a2993b16.tlog\link.write.1.tlog
c:\users\david jones\documents\github\senior-design-2\rfiddevicecontroller\release\rfiddevi.a2993b16.tlog\rfiddevicecontroller.write.1u.tlog
