c:\users\mrdav\source\repos\rfidcommandcenter\rfiddevicecontroller\debug\rfiddevicecontroller.pch
c:\users\mrdav\source\repos\rfidcommandcenter\rfiddevicecontroller\debug\vc141.pdb
c:\users\mrdav\source\repos\rfidcommandcenter\rfiddevicecontroller\debug\vc141.idb
c:\users\mrdav\source\repos\rfidcommandcenter\rfiddevicecontroller\debug\pch.sbr
c:\users\mrdav\source\repos\rfidcommandcenter\rfiddevicecontroller\debug\pch.obj
c:\users\mrdav\source\repos\rfidcommandcenter\rfiddevicecontroller\debug\antennasettings.sbr
c:\users\mrdav\source\repos\rfidcommandcenter\rfiddevicecontroller\debug\clientsettings.sbr
c:\users\mrdav\source\repos\rfidcommandcenter\rfiddevicecontroller\debug\communicationobjects.sbr
c:\users\mrdav\source\repos\rfidcommandcenter\rfiddevicecontroller\debug\devicecontroller.sbr
c:\users\mrdav\source\repos\rfidcommandcenter\rfiddevicecontroller\debug\devicesettings.sbr
c:\users\mrdav\source\repos\rfidcommandcenter\rfiddevicecontroller\debug\iclienttohostcommunication.sbr
c:\users\mrdav\source\repos\rfidcommandcenter\rfiddevicecontroller\debug\ilog.sbr
c:\users\mrdav\source\repos\rfidcommandcenter\rfiddevicecontroller\debug\linuxclienttohostcommunication.sbr
c:\users\mrdav\source\repos\rfidcommandcenter\rfiddevicecontroller\debug\readersettings.sbr
c:\users\mrdav\source\repos\rfidcommandcenter\rfiddevicecontroller\debug\rfidantenna.sbr
c:\users\mrdav\source\repos\rfidcommandcenter\rfiddevicecontroller\debug\rfiddevicecontroller.sbr
c:\users\mrdav\source\repos\rfidcommandcenter\rfiddevicecontroller\debug\rfidreader.sbr
c:\users\mrdav\source\repos\rfidcommandcenter\rfiddevicecontroller\debug\windowsclienttohostcommunication.sbr
c:\users\mrdav\source\repos\rfidcommandcenter\rfiddevicecontroller\debug\windowsclienttohostcommunication.obj
c:\users\mrdav\source\repos\rfidcommandcenter\rfiddevicecontroller\debug\rfidreader.obj
c:\users\mrdav\source\repos\rfidcommandcenter\rfiddevicecontroller\debug\rfiddevicecontroller.obj
c:\users\mrdav\source\repos\rfidcommandcenter\rfiddevicecontroller\debug\rfidantenna.obj
c:\users\mrdav\source\repos\rfidcommandcenter\rfiddevicecontroller\debug\linuxclienttohostcommunication.obj
c:\users\mrdav\source\repos\rfidcommandcenter\rfiddevicecontroller\debug\ilog.obj
c:\users\mrdav\source\repos\rfidcommandcenter\rfiddevicecontroller\debug\iclienttohostcommunication.obj
c:\users\mrdav\source\repos\rfidcommandcenter\rfiddevicecontroller\debug\devicecontroller.obj
c:\users\mrdav\source\repos\rfidcommandcenter\rfiddevicecontroller\debug\communicationobjects.obj
c:\users\mrdav\source\repos\rfidcommandcenter\rfiddevicecontroller\debug\clientsettings.obj
c:\users\mrdav\source\repos\rfidcommandcenter\rfiddevicecontroller\debug\antennasettings.obj
c:\users\mrdav\source\repos\rfidcommandcenter\rfiddevicecontroller\debug\rfiddevi.a2993b16.tlog\cl.command.1.tlog
c:\users\mrdav\source\repos\rfidcommandcenter\rfiddevicecontroller\debug\rfiddevi.a2993b16.tlog\cl.read.1.tlog
c:\users\mrdav\source\repos\rfidcommandcenter\rfiddevicecontroller\debug\rfiddevi.a2993b16.tlog\cl.write.1.tlog
